<?xml version="1.0" encoding="UTF-8"?>
<!-- Generated by org.testng.reporters.JUnitReportReporter -->
<testsuite hostname="DESKTOP-BV4PTA4" failures="0" tests="1" name="CucumberDemo.CucumberDemo.TestRun" time="19.370" errors="0" timestamp="11 Jul 2020 05:47:52 GMT" skipped="0">
  <testcase classname="CucumberDemo.CucumberDemo.TestRun" name="feature" time="19.370"/>
</testsuite> <!-- CucumberDemo.CucumberDemo.TestRun -->
