<?xml version="1.0" encoding="UTF-8"?>
<!-- Generated by org.testng.reporters.JUnitReportReporter -->
<testsuite hostname="DESKTOP-BV4PTA4" failures="0" tests="1" name="CucumberDemo.CucumberDemo.TestRun" time="17.377" errors="0" timestamp="21 Jun 2020 21:30:17 GMT" skipped="0">
  <testcase classname="CucumberDemo.CucumberDemo.TestRun" name="feature" time="17.377"/>
</testsuite> <!-- CucumberDemo.CucumberDemo.TestRun -->
